<?xml version="1.0" encoding="UTF-8"?>
<!-- Generated by org.testng.reporters.JUnitReportReporter -->
<testsuite hostname="LAPTOP-HMSF6D8U" failures="0" tests="1" name="SwagLabs.project.SwagLabs.project.test.LoginPageTest" time="8.788" errors="0" timestamp="2020-11-27T00:12:32 IST" skipped="0">
  <testcase classname="SwagLabs.project.SwagLabs.project.test.LoginPageTest" name="validLoginCheck" time="8.788"/>
  <system-out/>
</testsuite> <!-- SwagLabs.project.SwagLabs.project.test.LoginPageTest -->
