<?xml version="1.0" encoding="UTF-8"?>
<!-- Generated by org.testng.reporters.JUnitReportReporter -->
<testsuite hostname="LAPTOP-HMSF6D8U" failures="0" tests="1" name="com.SwagLabsDemo.testcases.SortItemsTest" time="12.590" errors="0" timestamp="06 Dec 2020 19:34:48 GMT" skipped="0">
  <testcase classname="com.SwagLabsDemo.testcases.SortItemsTest" name="sortItems" time="12.590"/>
</testsuite> <!-- com.SwagLabsDemo.testcases.SortItemsTest -->
