<?xml version="1.0" encoding="UTF-8"?>
<!-- Generated by org.testng.reporters.JUnitReportReporter -->
<testsuite hostname="LAPTOP-HMSF6D8U" failures="0" tests="1" name="com.SwagLabsDemo.testcases.SearchItemsTest" time="10.850" errors="0" timestamp="06 Dec 2020 18:28:08 GMT" skipped="0">
  <testcase classname="com.SwagLabsDemo.testcases.SearchItemsTest" name="sortItems" time="10.850"/>
</testsuite> <!-- com.SwagLabsDemo.testcases.SearchItemsTest -->
