<?xml version="1.0" encoding="UTF-8"?>
<!-- Generated by org.testng.reporters.JUnitReportReporter -->
<testsuite hostname="LAPTOP-HMSF6D8U" failures="0" tests="3" name="com.SwagLabsDemo.testcases.LoginTest" time="23.752" errors="0" timestamp="05 Dec 2020 11:52:43 GMT" skipped="0">
  <testcase classname="com.SwagLabsDemo.testcases.LoginTest" name="validLoginCheck" time="9.962"/>
  <testcase classname="com.SwagLabsDemo.testcases.LoginTest" name="invalidCredentialsCheck" time="7.327"/>
  <testcase classname="com.SwagLabsDemo.testcases.LoginTest" name="blankCredentialCheck" time="6.463"/>
</testsuite> <!-- com.SwagLabsDemo.testcases.LoginTest -->
