<?xml version="1.0" encoding="UTF-8"?>
<!-- Generated by org.testng.reporters.JUnitReportReporter -->
<testsuite hostname="LAPTOP-HMSF6D8U" failures="0" tests="1" name="com.SwagLabsDemo.testcases.ShoppingCartTest" time="31.132" errors="0" timestamp="16 Dec 2020 18:27:10 GMT" skipped="0">
  <testcase classname="com.SwagLabsDemo.testcases.ShoppingCartTest" name="addToCartCheck" time="31.132"/>
</testsuite> <!-- com.SwagLabsDemo.testcases.ShoppingCartTest -->
