<?xml version="1.0" encoding="UTF-8"?>
<!-- Generated by org.testng.reporters.JUnitReportReporter -->
<testsuite hostname="LAPTOP-HMSF6D8U" failures="0" tests="1" name="com.SwagLabsDemo.testcases.SortItemsTest" time="96.750" errors="0" timestamp="08 Dec 2020 09:15:09 GMT" skipped="0">
  <testcase classname="com.SwagLabsDemo.testcases.SortItemsTest" name="sortItems" time="96.750"/>
</testsuite> <!-- com.SwagLabsDemo.testcases.SortItemsTest -->
